Arguments: 
  C:\Program Files\nodejs\node.exe C:\Program Files (x86)\Yarn\bin\yarn.js add ffmetadata

PATH: 
  C:\Program Files\Git\mingw64\bin;C:\Program Files\Git\usr\bin;C:\Users\maboa\bin;C:\Program Files\Common Files\Oracle\Java\javapath;C:\WINDOWS\system32;C:\WINDOWS;C:\WINDOWS\System32\Wbem;C:\WINDOWS\System32\WindowsPowerShell\v1.0;C:\WINDOWS\System32\OpenSSH;C:\Program Files\Git\cmd;C:\laragon\bin\php\php-8.0.15-nts-Win32-vs16-x64;C:\composer;C:\laragon\bin\mysql\mysql-5.7.33-winx64\bin;C:\ProgramData\chocolatey\bin;C:\Program Files\dotnet;C:\Program Files\Microsoft SQL Server\130\Tools\Binn;C:\Program Files\PuTTY;C:\Users\maboa\AppData\Roaming\nvm;C:\Program Files\nodejs;C:\Program Files\nodejs;C:\Program Files (x86)\Yarn\bin;C:\Program Files\OpenJDK\openjdk-11.0.13_8\bin;C:\Windows\System32\wget.exe;C:\ProgramData\ComposerSetup\bin;C:\laragon\bin;C:\laragon\bin\apache\httpd-2.4.47-win64-VS16\bin;C:\laragon\bin\composer;C:\laragon\bin\git\bin;C:\laragon\bin\git\cmd;C:\laragon\bin\git\mingw64\bin;C:\laragon\bin\git\usr\bin;C:\laragon\bin\laragon\utils;C:\laragon\bin\mysql\mariadb-10.7.3-winx64\bin;C:\laragon\bin\nginx\nginx-1.19.10;C:\laragon\bin\ngrok;C:\laragon\bin\nodejs\node-v14;C:\laragon\bin\notepad++;C:\laragon\bin\redis\redis-x64-3.2.100;C:\laragon\bin\telnet;C:\laragon\usr\bin;C:\Users\maboa\AppData\Local\Yarn\config\global\node_modules\.bin;C:\Users\maboa\AppData\Roaming\Composer\vendor\bin;C:\Users\maboa\AppData\Roaming\npm;C:\Users\maboa\.cargo\bin;C:\Users\maboa\AppData\Local\pnpm;C:\Users\maboa\AppData\Local\Microsoft\WindowsApps;C:\Program Files\DecSoft\HtmlCompiler;C:\Users\maboa\AppData\Local\Yarn\bin;C:\Users\maboa\AppData\Local\atom\bin;C:\Users\maboa\AppData\Local\Android\Sdk\platform-tools;C:\Users\maboa\AppData\Local\Programs\Microsoft VS Code\bin

Yarn version: 
  1.22.15

Node version: 
  16.13.1

Platform: 
  win32 x64

Trace: 
  Error: EBUSY: resource busy or locked, unlink 'C:\Users\maboa\OneDrive\Documents\myProject\RecorderScreen\node_modules\electron\dist\icudtl.dat'

npm manifest: 
  {
    "name": "caring-library-conceptualize-q4ox9",
    "productName": "caring-library-conceptualize-q4ox9",
    "description": "My Electron application description",
    "keywords": [],
    "main": "./main.js",
    "version": "1.0.0",
    "author": "maboa",
    "scripts": {
      "start": "electron ."
    },
    "devDependencies": {
      "electron": "18.0.3",
      "electron-reload": "^2.0.0-alpha.1"
    }
  }

yarn manifest: 
  No manifest

Lockfile: 
  No lockfile
